PREHOOK: query: -- kv1.* : 238, 86, 311, 27, ...

-- text file
create table skip_nrow1(key string, value string) stored as textfile TBLPROPERTIES ('skip.first.rownum'='1')
PREHOOK: type: CREATETABLE
PREHOOK: Output: database:default
POSTHOOK: query: -- kv1.* : 238, 86, 311, 27, ...

-- text file
create table skip_nrow1(key string, value string) stored as textfile TBLPROPERTIES ('skip.first.rownum'='1')
POSTHOOK: type: CREATETABLE
POSTHOOK: Output: database:default
POSTHOOK: Output: default@skip_nrow1
PREHOOK: query: load data local inpath '../../data/files/kv1.txt' overwrite into table skip_nrow1
PREHOOK: type: LOAD
#### A masked pattern was here ####
PREHOOK: Output: default@skip_nrow1
POSTHOOK: query: load data local inpath '../../data/files/kv1.txt' overwrite into table skip_nrow1
POSTHOOK: type: LOAD
#### A masked pattern was here ####
POSTHOOK: Output: default@skip_nrow1
PREHOOK: query: -- fetch task
explain
select * from skip_nrow1 limit 3
PREHOOK: type: QUERY
POSTHOOK: query: -- fetch task
explain
select * from skip_nrow1 limit 3
POSTHOOK: type: QUERY
STAGE DEPENDENCIES:
  Stage-0 is a root stage

STAGE PLANS:
  Stage: Stage-0
    Fetch Operator
      limit: 3
      Processor Tree:
        TableScan
          alias: skip_nrow1
          Statistics: Num rows: 29 Data size: 5812 Basic stats: COMPLETE Column stats: NONE
          Select Operator
            expressions: key (type: string), value (type: string)
            outputColumnNames: _col0, _col1
            Statistics: Num rows: 29 Data size: 5812 Basic stats: COMPLETE Column stats: NONE
            Limit
              Number of rows: 3
              Statistics: Num rows: 3 Data size: 600 Basic stats: COMPLETE Column stats: NONE
              ListSink

PREHOOK: query: select * from skip_nrow1 limit 3
PREHOOK: type: QUERY
PREHOOK: Input: default@skip_nrow1
#### A masked pattern was here ####
POSTHOOK: query: select * from skip_nrow1 limit 3
POSTHOOK: type: QUERY
POSTHOOK: Input: default@skip_nrow1
#### A masked pattern was here ####
86	val_86
311	val_311
27	val_27
PREHOOK: query: -- mr task
explain
select key,value from skip_nrow1 limit 3
PREHOOK: type: QUERY
POSTHOOK: query: -- mr task
explain
select key,value from skip_nrow1 limit 3
POSTHOOK: type: QUERY
STAGE DEPENDENCIES:
  Stage-1 is a root stage
  Stage-0 is a root stage

STAGE PLANS:
  Stage: Stage-1
    Map Reduce
      Map Operator Tree:
          TableScan
            alias: skip_nrow1
            Statistics: Num rows: 29 Data size: 5812 Basic stats: COMPLETE Column stats: NONE
            Select Operator
              expressions: key (type: string), value (type: string)
              outputColumnNames: _col0, _col1
              Statistics: Num rows: 29 Data size: 5812 Basic stats: COMPLETE Column stats: NONE
              Limit
                Number of rows: 3
                Statistics: Num rows: 3 Data size: 600 Basic stats: COMPLETE Column stats: NONE
                File Output Operator
                  compressed: false
                  Statistics: Num rows: 3 Data size: 600 Basic stats: COMPLETE Column stats: NONE
                  table:
                      input format: org.apache.hadoop.mapred.TextInputFormat
                      output format: org.apache.hadoop.hive.ql.io.HiveIgnoreKeyTextOutputFormat
                      serde: org.apache.hadoop.hive.serde2.lazy.LazySimpleSerDe

  Stage: Stage-0
    Fetch Operator
      limit: 3

PREHOOK: query: select key,value from skip_nrow1 limit 3
PREHOOK: type: QUERY
PREHOOK: Input: default@skip_nrow1
#### A masked pattern was here ####
POSTHOOK: query: select key,value from skip_nrow1 limit 3
POSTHOOK: type: QUERY
POSTHOOK: Input: default@skip_nrow1
#### A masked pattern was here ####
86	val_86
311	val_311
27	val_27
PREHOOK: query: -- sequence file
create table skip_nrow2(key string, value string) stored as sequencefile TBLPROPERTIES ('skip.first.rownum'='1')
PREHOOK: type: CREATETABLE
PREHOOK: Output: database:default
POSTHOOK: query: -- sequence file
create table skip_nrow2(key string, value string) stored as sequencefile TBLPROPERTIES ('skip.first.rownum'='1')
POSTHOOK: type: CREATETABLE
POSTHOOK: Output: database:default
POSTHOOK: Output: default@skip_nrow2
PREHOOK: query: load data local inpath '../../data/files/kv1.seq' overwrite into table skip_nrow2
PREHOOK: type: LOAD
#### A masked pattern was here ####
PREHOOK: Output: default@skip_nrow2
POSTHOOK: query: load data local inpath '../../data/files/kv1.seq' overwrite into table skip_nrow2
POSTHOOK: type: LOAD
#### A masked pattern was here ####
POSTHOOK: Output: default@skip_nrow2
PREHOOK: query: -- fetch task
explain
select * from skip_nrow2 limit 3
PREHOOK: type: QUERY
POSTHOOK: query: -- fetch task
explain
select * from skip_nrow2 limit 3
POSTHOOK: type: QUERY
STAGE DEPENDENCIES:
  Stage-0 is a root stage

STAGE PLANS:
  Stage: Stage-0
    Fetch Operator
      limit: 3
      Processor Tree:
        TableScan
          alias: skip_nrow2
          Statistics: Num rows: 52 Data size: 10508 Basic stats: COMPLETE Column stats: NONE
          Select Operator
            expressions: key (type: string), value (type: string)
            outputColumnNames: _col0, _col1
            Statistics: Num rows: 52 Data size: 10508 Basic stats: COMPLETE Column stats: NONE
            Limit
              Number of rows: 3
              Statistics: Num rows: 3 Data size: 606 Basic stats: COMPLETE Column stats: NONE
              ListSink

PREHOOK: query: select * from skip_nrow2 limit 3
PREHOOK: type: QUERY
PREHOOK: Input: default@skip_nrow2
#### A masked pattern was here ####
POSTHOOK: query: select * from skip_nrow2 limit 3
POSTHOOK: type: QUERY
POSTHOOK: Input: default@skip_nrow2
#### A masked pattern was here ####
86	val_86
311	val_311
27	val_27
PREHOOK: query: -- mr task
explain
select key,value from skip_nrow2 limit 3
PREHOOK: type: QUERY
POSTHOOK: query: -- mr task
explain
select key,value from skip_nrow2 limit 3
POSTHOOK: type: QUERY
STAGE DEPENDENCIES:
  Stage-1 is a root stage
  Stage-0 is a root stage

STAGE PLANS:
  Stage: Stage-1
    Map Reduce
      Map Operator Tree:
          TableScan
            alias: skip_nrow2
            Statistics: Num rows: 52 Data size: 10508 Basic stats: COMPLETE Column stats: NONE
            Select Operator
              expressions: key (type: string), value (type: string)
              outputColumnNames: _col0, _col1
              Statistics: Num rows: 52 Data size: 10508 Basic stats: COMPLETE Column stats: NONE
              Limit
                Number of rows: 3
                Statistics: Num rows: 3 Data size: 606 Basic stats: COMPLETE Column stats: NONE
                File Output Operator
                  compressed: false
                  Statistics: Num rows: 3 Data size: 606 Basic stats: COMPLETE Column stats: NONE
                  table:
                      input format: org.apache.hadoop.mapred.TextInputFormat
                      output format: org.apache.hadoop.hive.ql.io.HiveIgnoreKeyTextOutputFormat
                      serde: org.apache.hadoop.hive.serde2.lazy.LazySimpleSerDe

  Stage: Stage-0
    Fetch Operator
      limit: 3

PREHOOK: query: select key,value from skip_nrow2 limit 3
PREHOOK: type: QUERY
PREHOOK: Input: default@skip_nrow2
#### A masked pattern was here ####
POSTHOOK: query: select key,value from skip_nrow2 limit 3
POSTHOOK: type: QUERY
POSTHOOK: Input: default@skip_nrow2
#### A masked pattern was here ####
86	val_86
311	val_311
27	val_27
